warning:["Palette.c":1883]:NhlLoadColormapFiles: Unable to open colormap file barra_temperatura_PEMEX_2.rgb: ignoring
warning:["Palette.c":1883]:NhlLoadColormapFiles: Unable to open colormap file barra_temperatura_PEMEX_2.rgb: ignoring
warning:["Palette.c":1883]:NhlLoadColormapFiles: Unable to open colormap file barra_temperatura_PEMEX_2.rgb: ignoring
warning:["Palette.c":1883]:NhlLoadColormapFiles: Unable to open colormap file barra_temperatura_PEMEX_2.rgb: ignoring
warning:["Palette.c":1883]:NhlLoadColormapFiles: Unable to open colormap file barra_temperatura_PEMEX_2.rgb: ignoring
warning:["Palette.c":1883]:NhlLoadColormapFiles: Unable to open colormap file barra_temperatura_PEMEX_2.rgb: ignoring
warning:["Palette.c":1883]:NhlLoadColormapFiles: Unable to open colormap file barra_temperatura_PEMEX_2.rgb: ignoring
warning:["Palette.c":1883]:NhlLoadColormapFiles: Unable to open colormap file barra_temperatura_PEMEX_2.rgb: ignoring
warning:["Palette.c":1883]:NhlLoadColormapFiles: Unable to open colormap file barra_temperatura_PEMEX_2.rgb: ignoring
warning:["Palette.c":1883]:NhlLoadColormapFiles: Unable to open colormap file barra_temperatura_PEMEX_2.rgb: ignoring
warning:["Palette.c":1883]:NhlLoadColormapFiles: Unable to open colormap file barra_temperatura_PEMEX_2.rgb: ignoring
warning:["Palette.c":1883]:NhlLoadColormapFiles: Unable to open colormap file barra_temperatura_PEMEX_2.rgb: ignoring
warning:["Palette.c":1883]:NhlLoadColormapFiles: Unable to open colormap file barra_precipitacion_PEMEX.rgb: ignoring
warning:["Palette.c":1883]:NhlLoadColormapFiles: Unable to open colormap file barra_precipitacion_PEMEX.rgb: ignoring
warning:["Palette.c":1883]:NhlLoadColormapFiles: Unable to open colormap file barra_precipitacion_PEMEX.rgb: ignoring
warning:["Palette.c":1883]:NhlLoadColormapFiles: Unable to open colormap file barra_precipitacion_PEMEX.rgb: ignoring
warning:["Palette.c":1883]:NhlLoadColormapFiles: Unable to open colormap file barra_precipitacion_PEMEX.rgb: ignoring
warning:["Palette.c":1883]:NhlLoadColormapFiles: Unable to open colormap file barra_precipitacion_PEMEX.rgb: ignoring
warning:["Palette.c":1883]:NhlLoadColormapFiles: Unable to open colormap file barra_precipitacion_PEMEX.rgb: ignoring
warning:["Palette.c":1883]:NhlLoadColormapFiles: Unable to open colormap file barra_precipitacion_PEMEX.rgb: ignoring
warning:["Palette.c":1883]:NhlLoadColormapFiles: Unable to open colormap file barra_precipitacion_PEMEX.rgb: ignoring
warning:["Palette.c":1883]:NhlLoadColormapFiles: Unable to open colormap file barra_precipitacion_PEMEX.rgb: ignoring
warning:["Palette.c":1883]:NhlLoadColormapFiles: Unable to open colormap file barra_precipitacion_PEMEX.rgb: ignoring
warning:["Palette.c":1883]:NhlLoadColormapFiles: Unable to open colormap file barra_precipitacion_PEMEX.rgb: ignoring

real	2650m22.106s
user	0m0.006s
sys	0m0.007s

real	2732m35.708s
user	0m0.006s
sys	0m0.005s

real	2740m20.962s
user	0m0.004s
sys	0m0.007s

real	2746m38.197s
user	0m0.010s
sys	0m0.003s

real	2748m16.260s
user	0m0.005s
sys	0m0.006s

real	2804m21.700s
user	0m0.005s
sys	0m0.005s

real	2805m44.542s
user	0m0.003s
sys	0m0.007s

real	2805m49.664s
user	0m0.006s
sys	0m0.004s

real	2807m19.721s
user	0m0.007s
sys	0m0.006s

real	2809m50.001s
user	0m0.004s
sys	0m0.007s

real	2810m17.181s
user	0m0.006s
sys	0m0.004s

real	2810m19.532s
user	0m0.006s
sys	0m0.004s
