 Copyright (C) 1995-2017 - All Rights Reserved
 University Corporation for Atmospheric Research
 NCAR Command Language Version 6.4.0
 The use of this software is governed by a License Agreement.
 See http://www.ncl.ucar.edu/ for more details.
(0)	Procesando Mayo...
(0)	Procesando año 1980...
(0)	Procesando año 1981...
(0)	Procesando año 1982...
(0)	Procesando año 1983...
(0)	Procesando año 1984...
(0)	Procesando año 1985...
(0)	Procesando año 1986...
(0)	Procesando año 1987...
(0)	Procesando año 1988...
(0)	Procesando año 1989...
(0)	Procesando año 1990...
(0)	Procesando año 1991...
(0)	Procesando año 1992...
(0)	Procesando año 1993...
(0)	Procesando año 1994...
(0)	Procesando año 1995...
(0)	Procesando año 1996...
(0)	Procesando año 1997...
(0)	Procesando año 1998...
(0)	Procesando año 1999...
(0)	Procesando año 2000...
(0)	Procesando año 2001...
(0)	Procesando año 2002...
(0)	Procesando año 2003...
(0)	Procesando año 2004...
(0)	Procesando año 2005...
(0)	Procesando año 2006...
(0)	Procesando año 2007...
(0)	Procesando año 2008...
(0)	Procesando año 2009...
(0)	Procesando año 2010...
(0)	Procesando año 2011...
(0)	Procesando año 2012...
(0)	Procesando año 2013...
(0)	Procesando año 2014...
(0)	Procesando año 2015...
(0)	Procesando año 2016...
 Copyright (C) 1995-2017 - All Rights Reserved
 University Corporation for Atmospheric Research
 NCAR Command Language Version 6.4.0
 The use of this software is governed by a License Agreement.
 See http://www.ncl.ucar.edu/ for more details.
(0)	Procesando Mayo...
(0)	Procesando año 1980...
(0)	Procesando año 1981...
(0)	Procesando año 1982...
(0)	Procesando año 1983...
(0)	Procesando año 1984...
(0)	Procesando año 1985...
(0)	Procesando año 1986...
(0)	Procesando año 1987...
(0)	Procesando año 1988...
(0)	Procesando año 1989...
(0)	Procesando año 1990...
(0)	Procesando año 1991...
(0)	Procesando año 1992...
(0)	Procesando año 1993...
(0)	Procesando año 1994...
(0)	Procesando año 1995...
(0)	Procesando año 1996...
(0)	Procesando año 1997...
(0)	Procesando año 1998...
(0)	Procesando año 1999...
(0)	Procesando año 2000...
(0)	Procesando año 2001...
(0)	Procesando año 2002...
(0)	Procesando año 2003...
(0)	Procesando año 2004...
(0)	Procesando año 2005...
(0)	Procesando año 2006...
(0)	Procesando año 2007...
(0)	Procesando año 2008...
(0)	Procesando año 2009...
(0)	Procesando año 2010...
(0)	Procesando año 2011...
(0)	Procesando año 2012...
(0)	Procesando año 2013...
(0)	Procesando año 2014...
(0)	Procesando año 2015...
(0)	Procesando año 2016...
 Copyright (C) 1995-2017 - All Rights Reserved
 University Corporation for Atmospheric Research
 NCAR Command Language Version 6.4.0
 The use of this software is governed by a License Agreement.
 See http://www.ncl.ucar.edu/ for more details.
(0)	Procesando Mayo...
(0)	Procesando año 1980...
(0)	Procesando año 1981...
(0)	Procesando año 1982...
(0)	Procesando año 1983...
(0)	Procesando año 1984...
(0)	Procesando año 1985...
(0)	Procesando año 1986...
(0)	Procesando año 1987...
(0)	Procesando año 1988...
(0)	Procesando año 1989...
(0)	Procesando año 1990...
(0)	Procesando año 1991...
(0)	Procesando año 1992...
(0)	Procesando año 1993...
(0)	Procesando año 1994...
(0)	Procesando año 1995...
(0)	Procesando año 1996...
(0)	Procesando año 1997...
(0)	Procesando año 1998...
(0)	Procesando año 1999...
(0)	Procesando año 2000...
(0)	Procesando año 2001...
(0)	Procesando año 2002...
(0)	Procesando año 2003...
(0)	Procesando año 2004...
(0)	Procesando año 2005...
(0)	Procesando año 2006...
(0)	Procesando año 2007...
(0)	Procesando año 2008...
(0)	Procesando año 2009...
(0)	Procesando año 2010...
(0)	Procesando año 2011...
(0)	Procesando año 2012...
(0)	Procesando año 2013...
(0)	Procesando año 2014...
(0)	Procesando año 2015...
(0)	Procesando año 2016...
 Copyright (C) 1995-2017 - All Rights Reserved
 University Corporation for Atmospheric Research
 NCAR Command Language Version 6.4.0
 The use of this software is governed by a License Agreement.
 See http://www.ncl.ucar.edu/ for more details.
(0)	Procesando Mayo...
(0)	Procesando año 1980...
(0)	Procesando año 1981...
(0)	Procesando año 1982...
(0)	Procesando año 1983...
(0)	Procesando año 1984...
(0)	Procesando año 1985...
(0)	Procesando año 1986...
(0)	Procesando año 1987...
(0)	Procesando año 1988...
(0)	Procesando año 1989...
(0)	Procesando año 1990...
(0)	Procesando año 1991...
(0)	Procesando año 1992...
(0)	Procesando año 1993...
(0)	Procesando año 1994...
(0)	Procesando año 1995...
(0)	Procesando año 1996...
(0)	Procesando año 1997...
(0)	Procesando año 1998...
(0)	Procesando año 1999...
(0)	Procesando año 2000...
(0)	Procesando año 2001...
(0)	Procesando año 2002...
(0)	Procesando año 2003...
(0)	Procesando año 2004...
(0)	Procesando año 2005...
(0)	Procesando año 2006...
(0)	Procesando año 2007...
(0)	Procesando año 2008...
(0)	Procesando año 2009...
(0)	Procesando año 2010...
(0)	Procesando año 2011...
(0)	Procesando año 2012...
(0)	Procesando año 2013...
(0)	Procesando año 2014...
(0)	Procesando año 2015...
(0)	Procesando año 2016...
 Copyright (C) 1995-2017 - All Rights Reserved
 University Corporation for Atmospheric Research
 NCAR Command Language Version 6.4.0
 The use of this software is governed by a License Agreement.
 See http://www.ncl.ucar.edu/ for more details.
(0)	Procesando Mayo...
(0)	Procesando año 1980...
(0)	Procesando año 1981...
(0)	Procesando año 1982...
(0)	Procesando año 1983...
(0)	Procesando año 1984...
(0)	Procesando año 1985...
(0)	Procesando año 1986...
(0)	Procesando año 1987...
(0)	Procesando año 1988...
(0)	Procesando año 1989...
(0)	Procesando año 1990...
(0)	Procesando año 1991...
(0)	Procesando año 1992...
(0)	Procesando año 1993...
(0)	Procesando año 1994...
(0)	Procesando año 1995...
(0)	Procesando año 1996...
(0)	Procesando año 1997...
(0)	Procesando año 1998...
(0)	Procesando año 1999...
(0)	Procesando año 2000...
(0)	Procesando año 2001...
(0)	Procesando año 2002...
(0)	Procesando año 2003...
(0)	Procesando año 2004...
(0)	Procesando año 2005...
(0)	Procesando año 2006...
(0)	Procesando año 2007...
(0)	Procesando año 2008...
(0)	Procesando año 2009...
(0)	Procesando año 2010...
(0)	Procesando año 2011...
(0)	Procesando año 2012...
(0)	Procesando año 2013...
(0)	Procesando año 2014...
(0)	Procesando año 2015...
(0)	Procesando año 2016...
 Copyright (C) 1995-2017 - All Rights Reserved
 University Corporation for Atmospheric Research
 NCAR Command Language Version 6.4.0
 The use of this software is governed by a License Agreement.
 See http://www.ncl.ucar.edu/ for more details.
(0)	Procesando Mayo...
(0)	Procesando año 1980...
(0)	Procesando año 1981...
(0)	Procesando año 1982...
(0)	Procesando año 1983...
(0)	Procesando año 1984...
(0)	Procesando año 1985...
(0)	Procesando año 1986...
(0)	Procesando año 1987...
(0)	Procesando año 1988...
(0)	Procesando año 1989...
(0)	Procesando año 1990...
(0)	Procesando año 1991...
(0)	Procesando año 1992...
(0)	Procesando año 1993...
(0)	Procesando año 1994...
(0)	Procesando año 1995...
(0)	Procesando año 1996...
(0)	Procesando año 1997...
(0)	Procesando año 1998...
(0)	Procesando año 1999...
(0)	Procesando año 2000...
(0)	Procesando año 2001...
(0)	Procesando año 2002...
(0)	Procesando año 2003...
(0)	Procesando año 2004...
(0)	Procesando año 2005...
(0)	Procesando año 2006...
(0)	Procesando año 2007...
(0)	Procesando año 2008...
(0)	Procesando año 2009...
(0)	Procesando año 2010...
(0)	Procesando año 2011...
(0)	Procesando año 2012...
(0)	Procesando año 2013...
(0)	Procesando año 2014...
(0)	Procesando año 2015...
(0)	Procesando año 2016...
 Copyright (C) 1995-2017 - All Rights Reserved
 University Corporation for Atmospheric Research
 NCAR Command Language Version 6.4.0
 The use of this software is governed by a License Agreement.
 See http://www.ncl.ucar.edu/ for more details.
(0)	Procesando Mayo...
(0)	Procesando año 1980...
(0)	Procesando año 1981...
(0)	Procesando año 1982...
(0)	Procesando año 1983...
(0)	Procesando año 1984...
(0)	Procesando año 1985...
(0)	Procesando año 1986...
(0)	Procesando año 1987...
(0)	Procesando año 1988...
(0)	Procesando año 1989...
(0)	Procesando año 1990...
(0)	Procesando año 1991...
(0)	Procesando año 1992...
(0)	Procesando año 1993...
(0)	Procesando año 1994...
(0)	Procesando año 1995...
(0)	Procesando año 1996...
(0)	Procesando año 1997...
(0)	Procesando año 1998...
(0)	Procesando año 1999...
(0)	Procesando año 2000...
(0)	Procesando año 2001...
(0)	Procesando año 2002...
(0)	Procesando año 2003...
(0)	Procesando año 2004...
(0)	Procesando año 2005...
(0)	Procesando año 2006...
(0)	Procesando año 2007...
(0)	Procesando año 2008...
(0)	Procesando año 2009...
(0)	Procesando año 2010...
(0)	Procesando año 2011...
(0)	Procesando año 2012...
(0)	Procesando año 2013...
(0)	Procesando año 2014...
(0)	Procesando año 2015...
(0)	Procesando año 2016...
 Copyright (C) 1995-2017 - All Rights Reserved
 University Corporation for Atmospheric Research
 NCAR Command Language Version 6.4.0
 The use of this software is governed by a License Agreement.
 See http://www.ncl.ucar.edu/ for more details.
(0)	Procesando Mayo...
(0)	Procesando año 1980...
(0)	Procesando año 1981...
(0)	Procesando año 1982...
(0)	Procesando año 1983...
(0)	Procesando año 1984...
(0)	Procesando año 1985...
(0)	Procesando año 1986...
(0)	Procesando año 1987...
(0)	Procesando año 1988...
(0)	Procesando año 1989...
(0)	Procesando año 1990...
(0)	Procesando año 1991...
(0)	Procesando año 1992...
(0)	Procesando año 1993...
(0)	Procesando año 1994...
(0)	Procesando año 1995...
(0)	Procesando año 1996...
(0)	Procesando año 1997...
(0)	Procesando año 1998...
(0)	Procesando año 1999...
(0)	Procesando año 2000...
(0)	Procesando año 2001...
(0)	Procesando año 2002...
(0)	Procesando año 2003...
(0)	Procesando año 2004...
(0)	Procesando año 2005...
(0)	Procesando año 2006...
(0)	Procesando año 2007...
(0)	Procesando año 2008...
(0)	Procesando año 2009...
(0)	Procesando año 2010...
(0)	Procesando año 2011...
(0)	Procesando año 2012...
(0)	Procesando año 2013...
(0)	Procesando año 2014...
(0)	Procesando año 2015...
(0)	Procesando año 2016...
 Copyright (C) 1995-2017 - All Rights Reserved
 University Corporation for Atmospheric Research
 NCAR Command Language Version 6.4.0
 The use of this software is governed by a License Agreement.
 See http://www.ncl.ucar.edu/ for more details.
(0)	Procesando Mayo...
(0)	Procesando año 1980...
(0)	Procesando año 1981...
(0)	Procesando año 1982...
(0)	Procesando año 1983...
(0)	Procesando año 1984...
(0)	Procesando año 1985...
(0)	Procesando año 1986...
(0)	Procesando año 1987...
(0)	Procesando año 1988...
(0)	Procesando año 1989...
(0)	Procesando año 1990...
(0)	Procesando año 1991...
(0)	Procesando año 1992...
(0)	Procesando año 1993...
(0)	Procesando año 1994...
(0)	Procesando año 1995...
(0)	Procesando año 1996...
(0)	Procesando año 1997...
(0)	Procesando año 1998...
(0)	Procesando año 1999...
(0)	Procesando año 2000...
(0)	Procesando año 2001...
(0)	Procesando año 2002...
(0)	Procesando año 2003...
(0)	Procesando año 2004...
(0)	Procesando año 2005...
(0)	Procesando año 2006...
(0)	Procesando año 2007...
(0)	Procesando año 2008...
(0)	Procesando año 2009...
(0)	Procesando año 2010...
(0)	Procesando año 2011...
(0)	Procesando año 2012...
(0)	Procesando año 2013...
(0)	Procesando año 2014...
(0)	Procesando año 2015...
(0)	Procesando año 2016...
 Copyright (C) 1995-2017 - All Rights Reserved
 University Corporation for Atmospheric Research
 NCAR Command Language Version 6.4.0
 The use of this software is governed by a License Agreement.
 See http://www.ncl.ucar.edu/ for more details.
(0)	Procesando Mayo...
(0)	Procesando año 1980...
(0)	Procesando año 1981...
(0)	Procesando año 1982...
(0)	Procesando año 1983...
(0)	Procesando año 1984...
(0)	Procesando año 1985...
(0)	Procesando año 1986...
(0)	Procesando año 1987...
(0)	Procesando año 1988...
(0)	Procesando año 1989...
(0)	Procesando año 1990...
(0)	Procesando año 1991...
(0)	Procesando año 1992...
(0)	Procesando año 1993...
(0)	Procesando año 1994...
(0)	Procesando año 1995...
(0)	Procesando año 1996...
(0)	Procesando año 1997...
(0)	Procesando año 1998...
(0)	Procesando año 1999...
(0)	Procesando año 2000...
(0)	Procesando año 2001...
(0)	Procesando año 2002...
(0)	Procesando año 2003...
(0)	Procesando año 2004...
(0)	Procesando año 2005...
(0)	Procesando año 2006...
(0)	Procesando año 2007...
(0)	Procesando año 2008...
(0)	Procesando año 2009...
(0)	Procesando año 2010...
(0)	Procesando año 2011...
(0)	Procesando año 2012...
(0)	Procesando año 2013...
(0)	Procesando año 2014...
(0)	Procesando año 2015...
(0)	Procesando año 2016...
 Copyright (C) 1995-2017 - All Rights Reserved
 University Corporation for Atmospheric Research
 NCAR Command Language Version 6.4.0
 The use of this software is governed by a License Agreement.
 See http://www.ncl.ucar.edu/ for more details.
(0)	Procesando Mayo...
(0)	Procesando año 1980...
(0)	Procesando año 1981...
(0)	Procesando año 1982...
(0)	Procesando año 1983...
(0)	Procesando año 1984...
(0)	Procesando año 1985...
(0)	Procesando año 1986...
(0)	Procesando año 1987...
(0)	Procesando año 1988...
(0)	Procesando año 1989...
(0)	Procesando año 1990...
(0)	Procesando año 1991...
(0)	Procesando año 1992...
(0)	Procesando año 1993...
(0)	Procesando año 1994...
(0)	Procesando año 1995...
(0)	Procesando año 1996...
(0)	Procesando año 1997...
(0)	Procesando año 1998...
(0)	Procesando año 1999...
(0)	Procesando año 2000...
(0)	Procesando año 2001...
(0)	Procesando año 2002...
(0)	Procesando año 2003...
(0)	Procesando año 2004...
(0)	Procesando año 2005...
(0)	Procesando año 2006...
(0)	Procesando año 2007...
(0)	Procesando año 2008...
(0)	Procesando año 2009...
(0)	Procesando año 2010...
(0)	Procesando año 2011...
(0)	Procesando año 2012...
(0)	Procesando año 2013...
(0)	Procesando año 2014...
(0)	Procesando año 2015...
(0)	Procesando año 2016...
 Copyright (C) 1995-2017 - All Rights Reserved
 University Corporation for Atmospheric Research
 NCAR Command Language Version 6.4.0
 The use of this software is governed by a License Agreement.
 See http://www.ncl.ucar.edu/ for more details.
(0)	Procesando Mayo...
(0)	Procesando año 1980...
(0)	Procesando año 1981...
(0)	Procesando año 1982...
(0)	Procesando año 1983...
(0)	Procesando año 1984...
(0)	Procesando año 1985...
(0)	Procesando año 1986...
(0)	Procesando año 1987...
(0)	Procesando año 1988...
(0)	Procesando año 1989...
(0)	Procesando año 1990...
(0)	Procesando año 1991...
(0)	Procesando año 1992...
(0)	Procesando año 1993...
(0)	Procesando año 1994...
(0)	Procesando año 1995...
(0)	Procesando año 1996...
(0)	Procesando año 1997...
(0)	Procesando año 1998...
(0)	Procesando año 1999...
(0)	Procesando año 2000...
(0)	Procesando año 2001...
(0)	Procesando año 2002...
(0)	Procesando año 2003...
(0)	Procesando año 2004...
(0)	Procesando año 2005...
(0)	Procesando año 2006...
(0)	Procesando año 2007...
(0)	Procesando año 2008...
(0)	Procesando año 2009...
(0)	Procesando año 2010...
(0)	Procesando año 2011...
(0)	Procesando año 2012...
(0)	Procesando año 2013...
(0)	Procesando año 2014...
(0)	Procesando año 2015...
(0)	Procesando año 2016...
 Copyright (C) 1995-2017 - All Rights Reserved
 University Corporation for Atmospheric Research
 NCAR Command Language Version 6.4.0
 The use of this software is governed by a License Agreement.
 See http://www.ncl.ucar.edu/ for more details.
(0)	Procesando Mayo...
(0)	Procesando año 1980...
(0)	Procesando año 1981...
(0)	Procesando año 1982...
(0)	Procesando año 1983...
(0)	Procesando año 1984...
(0)	Procesando año 1985...
(0)	Procesando año 1986...
(0)	Procesando año 1987...
(0)	Procesando año 1988...
(0)	Procesando año 1989...
(0)	Procesando año 1990...
(0)	Procesando año 1991...
(0)	Procesando año 1992...
(0)	Procesando año 1993...
(0)	Procesando año 1994...
(0)	Procesando año 1995...
(0)	Procesando año 1996...
(0)	Procesando año 1997...
(0)	Procesando año 1998...
(0)	Procesando año 1999...
(0)	Procesando año 2000...
(0)	Procesando año 2001...
(0)	Procesando año 2002...
(0)	Procesando año 2003...
(0)	Procesando año 2004...
(0)	Procesando año 2005...
(0)	Procesando año 2006...
(0)	Procesando año 2007...
(0)	Procesando año 2008...
(0)	Procesando año 2009...
(0)	Procesando año 2010...
(0)	Procesando año 2011...
(0)	Procesando año 2012...
(0)	Procesando año 2013...
(0)	Procesando año 2014...
(0)	Procesando año 2015...
(0)	Procesando año 2016...
 Copyright (C) 1995-2017 - All Rights Reserved
 University Corporation for Atmospheric Research
 NCAR Command Language Version 6.4.0
 The use of this software is governed by a License Agreement.
 See http://www.ncl.ucar.edu/ for more details.
(0)	Procesando Mayo...
(0)	Procesando año 1980...
(0)	Procesando año 1981...
(0)	Procesando año 1982...
(0)	Procesando año 1983...
(0)	Procesando año 1984...
(0)	Procesando año 1985...
(0)	Procesando año 1986...
(0)	Procesando año 1987...
(0)	Procesando año 1988...
(0)	Procesando año 1989...
(0)	Procesando año 1990...
(0)	Procesando año 1991...
(0)	Procesando año 1992...
(0)	Procesando año 1993...
(0)	Procesando año 1994...
(0)	Procesando año 1995...
(0)	Procesando año 1996...
(0)	Procesando año 1997...
(0)	Procesando año 1998...
(0)	Procesando año 1999...
(0)	Procesando año 2000...
(0)	Procesando año 2001...
(0)	Procesando año 2002...
(0)	Procesando año 2003...
(0)	Procesando año 2004...
(0)	Procesando año 2005...
(0)	Procesando año 2006...
(0)	Procesando año 2007...
(0)	Procesando año 2008...
(0)	Procesando año 2009...
(0)	Procesando año 2010...
(0)	Procesando año 2011...
(0)	Procesando año 2012...
(0)	Procesando año 2013...
(0)	Procesando año 2014...
(0)	Procesando año 2015...
(0)	Procesando año 2016...
 Copyright (C) 1995-2017 - All Rights Reserved
 University Corporation for Atmospheric Research
 NCAR Command Language Version 6.4.0
 The use of this software is governed by a License Agreement.
 See http://www.ncl.ucar.edu/ for more details.
(0)	Procesando Mayo...
(0)	Procesando año 1980...
(0)	Procesando año 1981...
(0)	Procesando año 1982...
(0)	Procesando año 1983...
(0)	Procesando año 1984...
(0)	Procesando año 1985...
(0)	Procesando año 1986...
(0)	Procesando año 1987...
(0)	Procesando año 1988...
(0)	Procesando año 1989...
(0)	Procesando año 1990...
(0)	Procesando año 1991...
(0)	Procesando año 1992...
(0)	Procesando año 1993...
(0)	Procesando año 1994...
(0)	Procesando año 1995...
(0)	Procesando año 1996...
(0)	Procesando año 1997...
(0)	Procesando año 1998...
(0)	Procesando año 1999...
(0)	Procesando año 2000...
(0)	Procesando año 2001...
(0)	Procesando año 2002...
(0)	Procesando año 2003...
(0)	Procesando año 2004...
(0)	Procesando año 2005...
(0)	Procesando año 2006...
(0)	Procesando año 2007...
(0)	Procesando año 2008...
(0)	Procesando año 2009...
(0)	Procesando año 2010...
(0)	Procesando año 2011...
(0)	Procesando año 2012...
(0)	Procesando año 2013...
(0)	Procesando año 2014...
(0)	Procesando año 2015...
(0)	Procesando año 2016...
 Copyright (C) 1995-2017 - All Rights Reserved
 University Corporation for Atmospheric Research
 NCAR Command Language Version 6.4.0
 The use of this software is governed by a License Agreement.
 See http://www.ncl.ucar.edu/ for more details.
(0)	Procesando Mayo...
(0)	Procesando año 1980...
(0)	Procesando año 1981...
(0)	Procesando año 1982...
(0)	Procesando año 1983...
(0)	Procesando año 1984...
(0)	Procesando año 1985...
(0)	Procesando año 1986...
(0)	Procesando año 1987...
(0)	Procesando año 1988...
(0)	Procesando año 1989...
(0)	Procesando año 1990...
(0)	Procesando año 1991...
(0)	Procesando año 1992...
(0)	Procesando año 1993...
(0)	Procesando año 1994...
(0)	Procesando año 1995...
(0)	Procesando año 1996...
(0)	Procesando año 1997...
(0)	Procesando año 1998...
(0)	Procesando año 1999...
(0)	Procesando año 2000...
(0)	Procesando año 2001...
(0)	Procesando año 2002...
(0)	Procesando año 2003...
(0)	Procesando año 2004...
(0)	Procesando año 2005...
(0)	Procesando año 2006...
(0)	Procesando año 2007...
(0)	Procesando año 2008...
(0)	Procesando año 2009...
(0)	Procesando año 2010...
(0)	Procesando año 2011...
(0)	Procesando año 2012...
(0)	Procesando año 2013...
(0)	Procesando año 2014...
(0)	Procesando año 2015...
(0)	Procesando año 2016...
 Copyright (C) 1995-2017 - All Rights Reserved
 University Corporation for Atmospheric Research
 NCAR Command Language Version 6.4.0
 The use of this software is governed by a License Agreement.
 See http://www.ncl.ucar.edu/ for more details.
(0)	Procesando Mayo...
(0)	Procesando año 1980...
(0)	Procesando año 1981...
(0)	Procesando año 1982...
(0)	Procesando año 1983...
(0)	Procesando año 1984...
(0)	Procesando año 1985...
(0)	Procesando año 1986...
(0)	Procesando año 1987...
(0)	Procesando año 1988...
(0)	Procesando año 1989...
(0)	Procesando año 1990...
(0)	Procesando año 1991...
(0)	Procesando año 1992...
(0)	Procesando año 1993...
(0)	Procesando año 1994...
(0)	Procesando año 1995...
(0)	Procesando año 1996...
(0)	Procesando año 1997...
(0)	Procesando año 1998...
(0)	Procesando año 1999...
(0)	Procesando año 2000...
(0)	Procesando año 2001...
(0)	Procesando año 2002...
(0)	Procesando año 2003...
(0)	Procesando año 2004...
(0)	Procesando año 2005...
(0)	Procesando año 2006...
(0)	Procesando año 2007...
(0)	Procesando año 2008...
(0)	Procesando año 2009...
(0)	Procesando año 2010...
(0)	Procesando año 2011...
(0)	Procesando año 2012...
(0)	Procesando año 2013...
(0)	Procesando año 2014...
(0)	Procesando año 2015...
(0)	Procesando año 2016...
 Copyright (C) 1995-2017 - All Rights Reserved
 University Corporation for Atmospheric Research
 NCAR Command Language Version 6.4.0
 The use of this software is governed by a License Agreement.
 See http://www.ncl.ucar.edu/ for more details.
(0)	Procesando Mayo...
(0)	Procesando año 1980...
(0)	Procesando año 1981...
(0)	Procesando año 1982...
(0)	Procesando año 1983...
(0)	Procesando año 1984...
(0)	Procesando año 1985...
(0)	Procesando año 1986...
(0)	Procesando año 1987...
(0)	Procesando año 1988...
(0)	Procesando año 1989...
(0)	Procesando año 1990...
(0)	Procesando año 1991...
(0)	Procesando año 1992...
(0)	Procesando año 1993...
(0)	Procesando año 1994...
(0)	Procesando año 1995...
(0)	Procesando año 1996...
(0)	Procesando año 1997...
(0)	Procesando año 1998...
(0)	Procesando año 1999...
(0)	Procesando año 2000...
(0)	Procesando año 2001...
(0)	Procesando año 2002...
(0)	Procesando año 2003...
(0)	Procesando año 2004...
(0)	Procesando año 2005...
(0)	Procesando año 2006...
(0)	Procesando año 2007...
(0)	Procesando año 2008...
(0)	Procesando año 2009...
(0)	Procesando año 2010...
(0)	Procesando año 2011...
(0)	Procesando año 2012...
(0)	Procesando año 2013...
(0)	Procesando año 2014...
(0)	Procesando año 2015...
(0)	Procesando año 2016...
 Copyright (C) 1995-2017 - All Rights Reserved
 University Corporation for Atmospheric Research
 NCAR Command Language Version 6.4.0
 The use of this software is governed by a License Agreement.
 See http://www.ncl.ucar.edu/ for more details.
(0)	Procesando Mayo...
(0)	Procesando año 1980...
(0)	Procesando año 1981...
(0)	Procesando año 1982...
(0)	Procesando año 1983...
(0)	Procesando año 1984...
(0)	Procesando año 1985...
(0)	Procesando año 1986...
(0)	Procesando año 1987...
(0)	Procesando año 1988...
(0)	Procesando año 1989...
(0)	Procesando año 1990...
(0)	Procesando año 1991...
(0)	Procesando año 1992...
(0)	Procesando año 1993...
(0)	Procesando año 1994...
(0)	Procesando año 1995...
(0)	Procesando año 1996...
(0)	Procesando año 1997...
(0)	Procesando año 1998...
(0)	Procesando año 1999...
(0)	Procesando año 2000...
(0)	Procesando año 2001...
(0)	Procesando año 2002...
(0)	Procesando año 2003...
(0)	Procesando año 2004...
(0)	Procesando año 2005...
(0)	Procesando año 2006...
(0)	Procesando año 2007...
(0)	Procesando año 2008...
(0)	Procesando año 2009...
(0)	Procesando año 2010...
(0)	Procesando año 2011...
(0)	Procesando año 2012...
(0)	Procesando año 2013...
(0)	Procesando año 2014...
(0)	Procesando año 2015...
(0)	Procesando año 2016...
 Copyright (C) 1995-2017 - All Rights Reserved
 University Corporation for Atmospheric Research
 NCAR Command Language Version 6.4.0
 The use of this software is governed by a License Agreement.
 See http://www.ncl.ucar.edu/ for more details.
(0)	Procesando Mayo...
(0)	Procesando año 1980...
(0)	Procesando año 1981...
(0)	Procesando año 1982...
(0)	Procesando año 1983...
(0)	Procesando año 1984...
(0)	Procesando año 1985...
(0)	Procesando año 1986...
(0)	Procesando año 1987...
(0)	Procesando año 1988...
(0)	Procesando año 1989...
(0)	Procesando año 1990...
(0)	Procesando año 1991...
(0)	Procesando año 1992...
(0)	Procesando año 1993...
(0)	Procesando año 1994...
(0)	Procesando año 1995...
(0)	Procesando año 1996...
(0)	Procesando año 1997...
(0)	Procesando año 1998...
(0)	Procesando año 1999...
(0)	Procesando año 2000...
(0)	Procesando año 2001...
(0)	Procesando año 2002...
(0)	Procesando año 2003...
(0)	Procesando año 2004...
(0)	Procesando año 2005...
(0)	Procesando año 2006...
(0)	Procesando año 2007...
(0)	Procesando año 2008...
(0)	Procesando año 2009...
(0)	Procesando año 2010...
(0)	Procesando año 2011...
(0)	Procesando año 2012...
(0)	Procesando año 2013...
(0)	Procesando año 2014...
(0)	Procesando año 2015...
(0)	Procesando año 2016...
 Copyright (C) 1995-2017 - All Rights Reserved
 University Corporation for Atmospheric Research
 NCAR Command Language Version 6.4.0
 The use of this software is governed by a License Agreement.
 See http://www.ncl.ucar.edu/ for more details.
(0)	Procesando Mayo...
(0)	Procesando año 1980...
(0)	Procesando año 1981...
(0)	Procesando año 1982...
(0)	Procesando año 1983...
(0)	Procesando año 1984...
(0)	Procesando año 1985...
(0)	Procesando año 1986...
(0)	Procesando año 1987...
(0)	Procesando año 1988...
(0)	Procesando año 1989...
(0)	Procesando año 1990...
(0)	Procesando año 1991...
(0)	Procesando año 1992...
(0)	Procesando año 1993...
(0)	Procesando año 1994...
(0)	Procesando año 1995...
(0)	Procesando año 1996...
(0)	Procesando año 1997...
(0)	Procesando año 1998...
(0)	Procesando año 1999...
(0)	Procesando año 2000...
(0)	Procesando año 2001...
(0)	Procesando año 2002...
(0)	Procesando año 2003...
(0)	Procesando año 2004...
(0)	Procesando año 2005...
(0)	Procesando año 2006...
(0)	Procesando año 2007...
(0)	Procesando año 2008...
(0)	Procesando año 2009...
(0)	Procesando año 2010...
(0)	Procesando año 2011...
(0)	Procesando año 2012...
(0)	Procesando año 2013...
(0)	Procesando año 2014...
(0)	Procesando año 2015...
(0)	Procesando año 2016...
 Copyright (C) 1995-2017 - All Rights Reserved
 University Corporation for Atmospheric Research
 NCAR Command Language Version 6.4.0
 The use of this software is governed by a License Agreement.
 See http://www.ncl.ucar.edu/ for more details.
(0)	Procesando Mayo...
(0)	Procesando año 1980...
(0)	Procesando año 1981...
(0)	Procesando año 1982...
(0)	Procesando año 1983...
(0)	Procesando año 1984...
(0)	Procesando año 1985...
(0)	Procesando año 1986...
(0)	Procesando año 1987...
(0)	Procesando año 1988...
(0)	Procesando año 1989...
(0)	Procesando año 1990...
(0)	Procesando año 1991...
(0)	Procesando año 1992...
(0)	Procesando año 1993...
(0)	Procesando año 1994...
(0)	Procesando año 1995...
(0)	Procesando año 1996...
(0)	Procesando año 1997...
(0)	Procesando año 1998...
(0)	Procesando año 1999...
(0)	Procesando año 2000...
(0)	Procesando año 2001...
(0)	Procesando año 2002...
(0)	Procesando año 2003...
(0)	Procesando año 2004...
(0)	Procesando año 2005...
(0)	Procesando año 2006...
(0)	Procesando año 2007...
(0)	Procesando año 2008...
(0)	Procesando año 2009...
(0)	Procesando año 2010...
(0)	Procesando año 2011...
(0)	Procesando año 2012...
(0)	Procesando año 2013...
(0)	Procesando año 2014...
(0)	Procesando año 2015...
(0)	Procesando año 2016...
 Copyright (C) 1995-2017 - All Rights Reserved
 University Corporation for Atmospheric Research
 NCAR Command Language Version 6.4.0
 The use of this software is governed by a License Agreement.
 See http://www.ncl.ucar.edu/ for more details.
(0)	Procesando Mayo...
(0)	Procesando año 1980...
(0)	Procesando año 1981...
(0)	Procesando año 1982...
(0)	Procesando año 1983...
(0)	Procesando año 1984...
(0)	Procesando año 1985...
(0)	Procesando año 1986...
(0)	Procesando año 1987...
(0)	Procesando año 1988...
(0)	Procesando año 1989...
(0)	Procesando año 1990...
(0)	Procesando año 1991...
(0)	Procesando año 1992...
(0)	Procesando año 1993...
(0)	Procesando año 1994...
(0)	Procesando año 1995...
(0)	Procesando año 1996...
(0)	Procesando año 1997...
(0)	Procesando año 1998...
(0)	Procesando año 1999...
(0)	Procesando año 2000...
(0)	Procesando año 2001...
(0)	Procesando año 2002...
(0)	Procesando año 2003...
(0)	Procesando año 2004...
(0)	Procesando año 2005...
(0)	Procesando año 2006...
(0)	Procesando año 2007...
(0)	Procesando año 2008...
(0)	Procesando año 2009...
(0)	Procesando año 2010...
(0)	Procesando año 2011...
(0)	Procesando año 2012...
(0)	Procesando año 2013...
(0)	Procesando año 2014...
(0)	Procesando año 2015...
(0)	Procesando año 2016...
 Copyright (C) 1995-2017 - All Rights Reserved
 University Corporation for Atmospheric Research
 NCAR Command Language Version 6.4.0
 The use of this software is governed by a License Agreement.
 See http://www.ncl.ucar.edu/ for more details.
(0)	Procesando Mayo...
(0)	Procesando año 1980...
(0)	Procesando año 1981...
(0)	Procesando año 1982...
(0)	Procesando año 1983...
(0)	Procesando año 1984...
(0)	Procesando año 1985...
(0)	Procesando año 1986...
(0)	Procesando año 1987...
(0)	Procesando año 1988...
(0)	Procesando año 1989...
(0)	Procesando año 1990...
(0)	Procesando año 1991...
(0)	Procesando año 1992...
(0)	Procesando año 1993...
(0)	Procesando año 1994...
(0)	Procesando año 1995...
(0)	Procesando año 1996...
(0)	Procesando año 1997...
(0)	Procesando año 1998...
(0)	Procesando año 1999...
(0)	Procesando año 2000...
(0)	Procesando año 2001...
(0)	Procesando año 2002...
(0)	Procesando año 2003...
(0)	Procesando año 2004...
(0)	Procesando año 2005...
(0)	Procesando año 2006...
(0)	Procesando año 2007...
(0)	Procesando año 2008...
(0)	Procesando año 2009...
(0)	Procesando año 2010...
(0)	Procesando año 2011...
(0)	Procesando año 2012...
(0)	Procesando año 2013...
(0)	Procesando año 2014...
(0)	Procesando año 2015...
(0)	Procesando año 2016...
 Copyright (C) 1995-2017 - All Rights Reserved
 University Corporation for Atmospheric Research
 NCAR Command Language Version 6.4.0
 The use of this software is governed by a License Agreement.
 See http://www.ncl.ucar.edu/ for more details.
(0)	Procesando Mayo...
(0)	Procesando año 1980...
(0)	Procesando año 1981...
(0)	Procesando año 1982...
(0)	Procesando año 1983...
(0)	Procesando año 1984...
(0)	Procesando año 1985...
(0)	Procesando año 1986...
(0)	Procesando año 1987...
(0)	Procesando año 1988...
(0)	Procesando año 1989...
(0)	Procesando año 1990...
(0)	Procesando año 1991...
(0)	Procesando año 1992...
(0)	Procesando año 1993...
(0)	Procesando año 1994...
(0)	Procesando año 1995...
(0)	Procesando año 1996...
(0)	Procesando año 1997...
(0)	Procesando año 1998...
(0)	Procesando año 1999...
(0)	Procesando año 2000...
(0)	Procesando año 2001...
(0)	Procesando año 2002...
(0)	Procesando año 2003...
(0)	Procesando año 2004...
(0)	Procesando año 2005...
(0)	Procesando año 2006...
(0)	Procesando año 2007...
(0)	Procesando año 2008...
(0)	Procesando año 2009...
(0)	Procesando año 2010...
(0)	Procesando año 2011...
(0)	Procesando año 2012...
(0)	Procesando año 2013...
(0)	Procesando año 2014...
(0)	Procesando año 2015...
(0)	Procesando año 2016...
 Copyright (C) 1995-2017 - All Rights Reserved
 University Corporation for Atmospheric Research
 NCAR Command Language Version 6.4.0
 The use of this software is governed by a License Agreement.
 See http://www.ncl.ucar.edu/ for more details.
(0)	Procesando Mayo...
(0)	Procesando año 1980...
(0)	Procesando año 1981...
(0)	Procesando año 1982...
(0)	Procesando año 1983...
(0)	Procesando año 1984...
(0)	Procesando año 1985...
(0)	Procesando año 1986...
(0)	Procesando año 1987...
(0)	Procesando año 1988...
(0)	Procesando año 1989...
(0)	Procesando año 1990...
(0)	Procesando año 1991...
(0)	Procesando año 1992...
(0)	Procesando año 1993...
(0)	Procesando año 1994...
(0)	Procesando año 1995...
(0)	Procesando año 1996...
(0)	Procesando año 1997...
(0)	Procesando año 1998...
(0)	Procesando año 1999...
(0)	Procesando año 2000...
(0)	Procesando año 2001...
(0)	Procesando año 2002...
(0)	Procesando año 2003...
(0)	Procesando año 2004...
(0)	Procesando año 2005...
(0)	Procesando año 2006...
(0)	Procesando año 2007...
(0)	Procesando año 2008...
(0)	Procesando año 2009...
(0)	Procesando año 2010...
(0)	Procesando año 2011...
(0)	Procesando año 2012...
(0)	Procesando año 2013...
(0)	Procesando año 2014...
(0)	Procesando año 2015...
(0)	Procesando año 2016...
 Copyright (C) 1995-2017 - All Rights Reserved
 University Corporation for Atmospheric Research
 NCAR Command Language Version 6.4.0
 The use of this software is governed by a License Agreement.
 See http://www.ncl.ucar.edu/ for more details.
(0)	Procesando Mayo...
(0)	Procesando año 1980...
(0)	Procesando año 1981...
(0)	Procesando año 1982...
(0)	Procesando año 1983...
(0)	Procesando año 1984...
(0)	Procesando año 1985...
(0)	Procesando año 1986...
(0)	Procesando año 1987...
(0)	Procesando año 1988...
(0)	Procesando año 1989...
(0)	Procesando año 1990...
(0)	Procesando año 1991...
(0)	Procesando año 1992...
(0)	Procesando año 1993...
(0)	Procesando año 1994...
(0)	Procesando año 1995...
(0)	Procesando año 1996...
(0)	Procesando año 1997...
(0)	Procesando año 1998...
(0)	Procesando año 1999...
(0)	Procesando año 2000...
(0)	Procesando año 2001...
(0)	Procesando año 2002...
(0)	Procesando año 2003...
(0)	Procesando año 2004...
(0)	Procesando año 2005...
(0)	Procesando año 2006...
(0)	Procesando año 2007...
(0)	Procesando año 2008...
(0)	Procesando año 2009...
(0)	Procesando año 2010...
(0)	Procesando año 2011...
(0)	Procesando año 2012...
(0)	Procesando año 2013...
(0)	Procesando año 2014...
(0)	Procesando año 2015...
(0)	Procesando año 2016...
 Copyright (C) 1995-2017 - All Rights Reserved
 University Corporation for Atmospheric Research
 NCAR Command Language Version 6.4.0
 The use of this software is governed by a License Agreement.
 See http://www.ncl.ucar.edu/ for more details.
(0)	Procesando Mayo...
(0)	Procesando año 1980...
(0)	Procesando año 1981...
(0)	Procesando año 1982...
(0)	Procesando año 1983...
(0)	Procesando año 1984...
(0)	Procesando año 1985...
(0)	Procesando año 1986...
(0)	Procesando año 1987...
(0)	Procesando año 1988...
(0)	Procesando año 1989...
(0)	Procesando año 1990...
(0)	Procesando año 1991...
(0)	Procesando año 1992...
(0)	Procesando año 1993...
(0)	Procesando año 1994...
(0)	Procesando año 1995...
(0)	Procesando año 1996...
(0)	Procesando año 1997...
(0)	Procesando año 1998...
(0)	Procesando año 1999...
(0)	Procesando año 2000...
(0)	Procesando año 2001...
(0)	Procesando año 2002...
(0)	Procesando año 2003...
(0)	Procesando año 2004...
(0)	Procesando año 2005...
(0)	Procesando año 2006...
(0)	Procesando año 2007...
(0)	Procesando año 2008...
(0)	Procesando año 2009...
(0)	Procesando año 2010...
(0)	Procesando año 2011...
(0)	Procesando año 2012...
(0)	Procesando año 2013...
(0)	Procesando año 2014...
(0)	Procesando año 2015...
(0)	Procesando año 2016...
 Copyright (C) 1995-2017 - All Rights Reserved
 University Corporation for Atmospheric Research
 NCAR Command Language Version 6.4.0
 The use of this software is governed by a License Agreement.
 See http://www.ncl.ucar.edu/ for more details.
(0)	Procesando Mayo...
(0)	Procesando año 1980...
(0)	Procesando año 1981...
(0)	Procesando año 1982...
(0)	Procesando año 1983...
(0)	Procesando año 1984...
(0)	Procesando año 1985...
(0)	Procesando año 1986...
(0)	Procesando año 1987...
(0)	Procesando año 1988...
(0)	Procesando año 1989...
(0)	Procesando año 1990...
(0)	Procesando año 1991...
(0)	Procesando año 1992...
(0)	Procesando año 1993...
(0)	Procesando año 1994...
(0)	Procesando año 1995...
(0)	Procesando año 1996...
(0)	Procesando año 1997...
(0)	Procesando año 1998...
(0)	Procesando año 1999...
(0)	Procesando año 2000...
(0)	Procesando año 2001...
(0)	Procesando año 2002...
(0)	Procesando año 2003...
(0)	Procesando año 2004...
(0)	Procesando año 2005...
(0)	Procesando año 2006...
(0)	Procesando año 2007...
(0)	Procesando año 2008...
(0)	Procesando año 2009...
(0)	Procesando año 2010...
(0)	Procesando año 2011...
(0)	Procesando año 2012...
(0)	Procesando año 2013...
(0)	Procesando año 2014...
(0)	Procesando año 2015...
(0)	Procesando año 2016...
 Copyright (C) 1995-2017 - All Rights Reserved
 University Corporation for Atmospheric Research
 NCAR Command Language Version 6.4.0
 The use of this software is governed by a License Agreement.
 See http://www.ncl.ucar.edu/ for more details.
(0)	Procesando Mayo...
(0)	Procesando año 1980...
(0)	Procesando año 1981...
(0)	Procesando año 1982...
(0)	Procesando año 1983...
(0)	Procesando año 1984...
(0)	Procesando año 1985...
(0)	Procesando año 1986...
(0)	Procesando año 1987...
(0)	Procesando año 1988...
(0)	Procesando año 1989...
(0)	Procesando año 1990...
(0)	Procesando año 1991...
(0)	Procesando año 1992...
(0)	Procesando año 1993...
(0)	Procesando año 1994...
(0)	Procesando año 1995...
(0)	Procesando año 1996...
(0)	Procesando año 1997...
(0)	Procesando año 1998...
(0)	Procesando año 1999...
(0)	Procesando año 2000...
(0)	Procesando año 2001...
(0)	Procesando año 2002...
(0)	Procesando año 2003...
(0)	Procesando año 2004...
(0)	Procesando año 2005...
(0)	Procesando año 2006...
(0)	Procesando año 2007...
(0)	Procesando año 2008...
(0)	Procesando año 2009...
(0)	Procesando año 2010...
(0)	Procesando año 2011...
(0)	Procesando año 2012...
(0)	Procesando año 2013...
(0)	Procesando año 2014...
(0)	Procesando año 2015...
(0)	Procesando año 2016...
 Copyright (C) 1995-2017 - All Rights Reserved
 University Corporation for Atmospheric Research
 NCAR Command Language Version 6.4.0
 The use of this software is governed by a License Agreement.
 See http://www.ncl.ucar.edu/ for more details.
(0)	Procesando Mayo...
(0)	Procesando año 1980...
(0)	Procesando año 1981...
(0)	Procesando año 1982...
(0)	Procesando año 1983...
(0)	Procesando año 1984...
(0)	Procesando año 1985...
(0)	Procesando año 1986...
(0)	Procesando año 1987...
(0)	Procesando año 1988...
(0)	Procesando año 1989...
(0)	Procesando año 1990...
(0)	Procesando año 1991...
(0)	Procesando año 1992...
(0)	Procesando año 1993...
(0)	Procesando año 1994...
(0)	Procesando año 1995...
(0)	Procesando año 1996...
(0)	Procesando año 1997...
(0)	Procesando año 1998...
(0)	Procesando año 1999...
(0)	Procesando año 2000...
(0)	Procesando año 2001...
(0)	Procesando año 2002...
(0)	Procesando año 2003...
(0)	Procesando año 2004...
(0)	Procesando año 2005...
(0)	Procesando año 2006...
(0)	Procesando año 2007...
(0)	Procesando año 2008...
(0)	Procesando año 2009...
(0)	Procesando año 2010...
(0)	Procesando año 2011...
(0)	Procesando año 2012...
(0)	Procesando año 2013...
(0)	Procesando año 2014...
(0)	Procesando año 2015...
(0)	Procesando año 2016...
